Setting default log level to "WARN".
To adjust logging level use sc.setLogLevel(newLevel). For SparkR, use setLogLevel(newLevel).
Hive Session ID = f314eec8-a695-47aa-a7d4-0d41487d5380
Spark master: yarn, Application Id: application_1736389715788_27990
Time taken: 3.018 seconds
6
Time taken: 5.009 seconds, Fetched 1 row(s)
11718
Time taken: 0.447 seconds, Fetched 1 row(s)
144067
Time taken: 3.976 seconds, Fetched 1 row(s)
1441548
Time taken: 0.492 seconds, Fetched 1 row(s)
100000
Time taken: 0.398 seconds, Fetched 1 row(s)
50000
Time taken: 0.353 seconds, Fetched 1 row(s)
1920800
Time taken: 0.405 seconds, Fetched 1 row(s)
73049
Time taken: 0.336 seconds, Fetched 1 row(s)
7200
Time taken: 0.298 seconds, Fetched 1 row(s)
20
Time taken: 0.257 seconds, Fetched 1 row(s)
11745000
Time taken: 3.616 seconds, Fetched 1 row(s)
18000
Time taken: 0.309 seconds, Fetched 1 row(s)
300
Time taken: 0.322 seconds, Fetched 1 row(s)
75
Time taken: 0.221 seconds, Fetched 1 row(s)
20
Time taken: 0.279 seconds, Fetched 1 row(s)
12
Time taken: 0.211 seconds, Fetched 1 row(s)
287514
Time taken: 0.347 seconds, Fetched 1 row(s)
2880404
Time taken: 0.352 seconds, Fetched 1 row(s)
86400
Time taken: 0.247 seconds, Fetched 1 row(s)
5
Time taken: 0.167 seconds, Fetched 1 row(s)
60
Time taken: 0.245 seconds, Fetched 1 row(s)
71763
Time taken: 0.263 seconds, Fetched 1 row(s)
719384
Time taken: 0.313 seconds, Fetched 1 row(s)
30
Time taken: 0.263 seconds, Fetched 1 row(s)
