Setting default log level to "WARN".
To adjust logging level use sc.setLogLevel(newLevel). For SparkR, use setLogLevel(newLevel).
Spark Web UI available at http://jupyter-dev.yks.sktai.io/user/1112390/spark-ui:4040
Spark master: k8s://https://api.yks.sktai.io:6443, Application Id: spark-6ce47dca99454c7f9a440886e4a77b2e
Time taken: 1.104 seconds
6
Time taken: 6.273 seconds, Fetched 1 row(s)
11718
Time taken: 5.214 seconds, Fetched 1 row(s)
144067
Time taken: 5.525 seconds, Fetched 1 row(s)
1441548
Time taken: 4.972 seconds, Fetched 1 row(s)
100000
Time taken: 0.606 seconds, Fetched 1 row(s)
50000
Time taken: 0.531 seconds, Fetched 1 row(s)
1920800
Time taken: 0.402 seconds, Fetched 1 row(s)
73049
Time taken: 0.301 seconds, Fetched 1 row(s)
7200
Time taken: 0.177 seconds, Fetched 1 row(s)
20
Time taken: 0.46 seconds, Fetched 1 row(s)
11745000
Time taken: 0.278 seconds, Fetched 1 row(s)
18000
Time taken: 0.234 seconds, Fetched 1 row(s)
300
Time taken: 0.214 seconds, Fetched 1 row(s)
75
Time taken: 0.245 seconds, Fetched 1 row(s)
20
Time taken: 0.219 seconds, Fetched 1 row(s)
12
Time taken: 0.259 seconds, Fetched 1 row(s)
287514
Time taken: 0.551 seconds, Fetched 1 row(s)
2880404
Time taken: 0.308 seconds, Fetched 1 row(s)
86400
Time taken: 0.537 seconds, Fetched 1 row(s)
5
Time taken: 0.221 seconds, Fetched 1 row(s)
60
Time taken: 0.243 seconds, Fetched 1 row(s)
71763
Time taken: 0.21 seconds, Fetched 1 row(s)
719384
Time taken: 0.23 seconds, Fetched 1 row(s)
30
Time taken: 0.2 seconds, Fetched 1 row(s)
